#
# There is insufficient memory for the Java Runtime Environment to continue.
# Native memory allocation (mmap) failed to map 266338304 bytes. Error detail: G1 virtual space
# Possible reasons:
#   The system is out of physical RAM or swap space
#   This process is running with CompressedOops enabled, and the Java Heap may be blocking the growth of the native heap
# Possible solutions:
#   Reduce memory load on the system
#   Increase physical memory or swap space
#   Check if swap backing store is full
#   Decrease Java heap size (-Xmx/-Xms)
#   Decrease number of Java threads
#   Decrease Java thread stack sizes (-Xss)
#   Set larger code cache with -XX:ReservedCodeCacheSize=
#   JVM is running with Zero Based Compressed Oops mode in which the Java heap is
#     placed in the first 32GB address space. The Java Heap base address is the
#     maximum limit for the native heap growth. Please use -XX:HeapBaseMinAddress
#     to set the Java Heap base and to place the Java Heap above 32GB virtual address.
# This output file may be truncated or incomplete.
#
#  Out of Memory Error (os_windows.cpp:3926), pid=4472, tid=10456
#
# JRE version:  (21.0.10) (build )
# Java VM: OpenJDK 64-Bit Server VM (21.0.10+-14961533-b1163.108, mixed mode, sharing, tiered, compressed oops, compressed class ptrs, g1 gc, windows-amd64)
# No core dump will be written. Minidumps are not enabled by default on client versions of Windows
#

---------------  S U M M A R Y ------------

Command Line: org.jetbrains.kotlin.cli.jvm.K2JVMCompiler @C:\Users\nader\AndroidStudioProjects\SoldierFit\app\build\20260616_4961156642646508169.compiler.options

Host: Intel(R) Core(TM) i7-8750H CPU @ 2.20GHz, 12 cores, 15G,  Windows 11 , 64 bit Build 26100 (10.0.26100.8328)
Time: Tue Jun 16 22:23:16 2026 Egypt Daylight Time elapsed time: 1.564366 seconds (0d 0h 0m 1s)

---------------  T H R E A D  ---------------

Current thread (0x000001f1092e95a0):  JavaThread "Unknown thread" [_thread_in_vm, id=10456, stack(0x00000005f3100000,0x00000005f3200000) (1024K)]

Stack: [0x00000005f3100000,0x00000005f3200000]
Native frames: (J=compiled Java code, j=interpreted, Vv=VM code, C=native code)
V  [jvm.dll+0x6d78a9]
V  [jvm.dll+0x8665b3]
V  [jvm.dll+0x868bde]
V  [jvm.dll+0x8692c3]
V  [jvm.dll+0x280ee6]
V  [jvm.dll+0x6d4165]
V  [jvm.dll+0x6c77fa]
V  [jvm.dll+0x358f4b]
V  [jvm.dll+0x360bc6]
V  [jvm.dll+0x3b2ea6]
V  [jvm.dll+0x3b3178]
V  [jvm.dll+0x32b65c]
V  [jvm.dll+0x32c34b]
V  [jvm.dll+0x82f449]
V  [jvm.dll+0x3c0078]
V  [jvm.dll+0x8185e8]
V  [jvm.dll+0x45449e]
V  [jvm.dll+0x455c01]
C  [jli.dll+0x52ab]
C  [ucrtbase.dll+0x37b0]
C  [KERNEL32.DLL+0x2e957]
C  [ntdll.dll+0x427c]


---------------  P R O C E S S  ---------------

Threads class SMR info:
_java_thread_list=0x00007ffe9eacb9c8, length=0, elements={
}

Java Threads: ( => current thread )
Total: 0

Other Threads:
  0x000001f10934eb90 WorkerThread "GC Thread#0"                     [id=22088, stack(0x00000005f3200000,0x00000005f3300000) (1024K)]
  0x000001f10935f980 ConcurrentGCThread "G1 Main Marker"            [id=24476, stack(0x00000005f3300000,0x00000005f3400000) (1024K)]
  0x000001f109361a70 WorkerThread "G1 Conc#0"                       [id=19672, stack(0x00000005f3400000,0x00000005f3500000) (1024K)]

[error occurred during error reporting (printing all threads), id 0xc0000005, EXCEPTION_ACCESS_VIOLATION (0xc0000005) at pc=0x00007ffe9e2be637]
VM state: not at safepoint (not fully initialized)

VM Mutex/Monitor currently owned by a thread:  ([mutex/lock_event])
[0x00007ffe9eb387d0] Heap_lock - owner thread: 0x000001f1092e95a0

Heap address: 0x0000000702000000, size: 4064 MB, Compressed Oops mode: Zero based, Oop shift amount: 3

CDS archive(s) mapped at: [0x0000000000000000-0x0000000000000000-0x0000000000000000), size 0, SharedBaseAddress: 0x0000000800000000, ArchiveRelocationMode: 1.
Narrow klass base: 0x0000000000000000, Narrow klass shift: 0, Narrow klass range: 0x0

GC Precious Log:
 CardTable entry size: 512
 Card Set container configuration: InlinePtr #cards 4 size 8 Array Of Cards #cards 16 size 48 Howl #buckets 8 coarsen threshold 3686 Howl Bitmap #cards 512 size 80 coarsen threshold 460 Card regions per heap region 1 cards per card region 4096

Heap:
 garbage-first heap   total 0K, used 0K [0x0000000702000000, 0x0000000800000000)
  region size 2048K, 0 young (0K), 0 survivors (0K)
 Metaspace       used 0K, committed 0K, reserved 0K
  class space    used 0K, committed 0K, reserved 0K

Heap Regions: E=young(eden), S=young(survivor), O=old, HS=humongous(starts), HC=humongous(continues), CS=collection set, F=free, TAMS=top-at-mark-start, PB=parsable bottom

Card table byte_map: [0x000001f11c190000,0x000001f11c980000] _byte_map_base: 0x000001f118980000

Marking Bits: (CMBitMap*) 0x000001f10934f2a0
 Bits: [0x000001f11c980000, 0x000001f120900000)

GC Heap History (0 events):
No events

Dll operation events (1 events):
Event: 0.013 Loaded shared library C:\Program Files\Android\Android Studio\jbr\bin\java.dll

Deoptimization events (0 events):
No events

Classes loaded (0 events):
No events

Classes unloaded (0 events):
No events

Classes redefined (0 events):
No events

Internal exceptions (0 events):
No events

ZGC Phase Switch (0 events):
No events

VM Operations (0 events):
No events

Memory protections (0 events):
No events

Nmethod flushes (0 events):
No events

Events (0 events):
No events


Dynamic libraries:
0x00007ff6526b0000 - 0x00007ff6526ba000 	C:\Program Files\Android\Android Studio\jbr\bin\java.exe
0x00007fff61220000 - 0x00007fff61487000 	C:\WINDOWS\SYSTEM32\ntdll.dll
0x00007fff5ff20000 - 0x00007fff5ffe9000 	C:\WINDOWS\System32\KERNEL32.DLL
0x00007fff5de30000 - 0x00007fff5e227000 	C:\WINDOWS\System32\KERNELBASE.dll
0x00007fff5dce0000 - 0x00007fff5de2b000 	C:\WINDOWS\System32\ucrtbase.dll
0x00007fff5a6b0000 - 0x00007fff5a6c8000 	C:\Program Files\Android\Android Studio\jbr\bin\jli.dll
0x00007ffeea6a0000 - 0x00007ffeea6bb000 	C:\Program Files\Android\Android Studio\jbr\bin\VCRUNTIME140.dll
0x00007fff5f9d0000 - 0x00007fff5fb96000 	C:\WINDOWS\System32\USER32.dll
0x00007fff4d530000 - 0x00007fff4d7c2000 	C:\WINDOWS\WinSxS\amd64_microsoft.windows.common-controls_6595b64144ccf1df_6.0.26100.8457_none_3e0b2faee331e92d\COMCTL32.dll
0x00007fff5ef70000 - 0x00007fff5ef97000 	C:\WINDOWS\System32\win32u.dll
0x00007fff60480000 - 0x00007fff60529000 	C:\WINDOWS\System32\msvcrt.dll
0x00007fff60f30000 - 0x00007fff60f5b000 	C:\WINDOWS\System32\GDI32.dll
0x00007fff5ee40000 - 0x00007fff5ef6c000 	C:\WINDOWS\System32\gdi32full.dll
0x00007fff5e230000 - 0x00007fff5e2d3000 	C:\WINDOWS\System32\msvcp_win.dll
0x00007fff60e50000 - 0x00007fff60e82000 	C:\WINDOWS\System32\IMM32.DLL
0x00007ffeea690000 - 0x00007ffeea69c000 	C:\Program Files\Android\Android Studio\jbr\bin\vcruntime140_1.dll
0x00007fff53170000 - 0x00007fff531fd000 	C:\Program Files\Android\Android Studio\jbr\bin\msvcp140.dll
0x00007ffe9df80000 - 0x00007ffe9ec16000 	C:\Program Files\Android\Android Studio\jbr\bin\server\jvm.dll
0x00007fff60610000 - 0x00007fff606c6000 	C:\WINDOWS\System32\ADVAPI32.dll
0x00007fff5f530000 - 0x00007fff5f5d7000 	C:\WINDOWS\System32\sechost.dll
0x00007fff610c0000 - 0x00007fff611d8000 	C:\WINDOWS\System32\RPCRT4.dll
0x00007fff5fde0000 - 0x00007fff5fe60000 	C:\WINDOWS\System32\WS2_32.dll
0x00007fff5dab0000 - 0x00007fff5db0e000 	C:\WINDOWS\SYSTEM32\POWRPROF.dll
0x00007fff55ed0000 - 0x00007fff55edb000 	C:\WINDOWS\SYSTEM32\VERSION.dll
0x00007fff508d0000 - 0x00007fff50906000 	C:\WINDOWS\SYSTEM32\WINMM.dll
0x00007fff5da90000 - 0x00007fff5daa4000 	C:\WINDOWS\SYSTEM32\UMPDC.dll
0x00007fff5c9a0000 - 0x00007fff5c9bb000 	C:\WINDOWS\SYSTEM32\kernel.appcore.dll
0x00007ffeea680000 - 0x00007ffeea68a000 	C:\Program Files\Android\Android Studio\jbr\bin\jimage.dll
0x00007fff5bae0000 - 0x00007fff5bd22000 	C:\WINDOWS\SYSTEM32\DBGHELP.DLL
0x00007fff5efa0000 - 0x00007fff5f323000 	C:\WINDOWS\System32\combase.dll
0x00007fff60530000 - 0x00007fff60609000 	C:\WINDOWS\System32\OLEAUT32.dll
0x00007fff4cb70000 - 0x00007fff4cbab000 	C:\WINDOWS\SYSTEM32\dbgcore.DLL
0x00007fff5ed90000 - 0x00007fff5ee38000 	C:\WINDOWS\System32\bcryptPrimitives.dll
0x00007ffeea660000 - 0x00007ffeea680000 	C:\Program Files\Android\Android Studio\jbr\bin\java.dll

JVMTI agents: none

dbghelp: loaded successfully - version: 4.0.5 - missing functions: none
symbol engine: initialized successfully - sym options: 0x614 - pdb path: .;C:\Program Files\Android\Android Studio\jbr\bin;C:\WINDOWS\SYSTEM32;C:\WINDOWS\WinSxS\amd64_microsoft.windows.common-controls_6595b64144ccf1df_6.0.26100.8457_none_3e0b2faee331e92d;C:\Program Files\Android\Android Studio\jbr\bin\server

VM Arguments:
java_command: org.jetbrains.kotlin.cli.jvm.K2JVMCompiler @C:\Users\nader\AndroidStudioProjects\SoldierFit\app\build\20260616_4961156642646508169.compiler.options
java_class_path (initial): C:\Users\nader\.gradle\caches\modules-2\files-2.1\org.jetbrains.kotlin\kotlin-compiler-embeddable\2.2.21\b13aed5cf8412f9ee9d1e4db21bdcfebcc24f606\kotlin-compiler-embeddable-2.2.21.jar;C:\Users\nader\.gradle\caches\modules-2\files-2.1\org.jetbrains.kotlin\kotlin-stdlib\2.2.21\fa374a986e128314c3db00a20aae55f72a258511\kotlin-stdlib-2.2.21.jar;C:\Users\nader\.gradle\caches\modules-2\files-2.1\org.jetbrains.kotlin\kotlin-script-runtime\2.2.21\e9b021c4e335e4ed7a7e3b32285249ae6bb3a6c8\kotlin-script-runtime-2.2.21.jar;C:\Users\nader\.gradle\caches\modules-2\files-2.1\org.jetbrains.kotlin\kotlin-reflect\1.6.10\1cbe9c92c12a94eea200d23c2bbaedaf3daf5132\kotlin-reflect-1.6.10.jar;C:\Users\nader\.gradle\caches\modules-2\files-2.1\org.jetbrains.kotlin\kotlin-daemon-embeddable\2.2.21\78fde5db1c92786448170b351d8f8868acabd2ce\kotlin-daemon-embeddable-2.2.21.jar;C:\Users\nader\.gradle\caches\modules-2\files-2.1\org.jetbrains.kotlinx\kotlinx-coroutines-core-jvm\1.8.0\ac1dc37a30a93150b704022f8d895ee1bd3a36b3\kotlinx-coroutines-core-jvm-1.8.0.jar;C:\Users\nader\.gradle\caches\modules-2\files-2.1\org.jetbrains\annotations\13.0\919f0dfe192fb4e063e7dacadee7f8bb9a2672a9\annotations-13.0.jar
Launcher Type: SUN_STANDARD

[Global flags]
     intx CICompilerCount                          = 4                                         {product} {ergonomic}
     uint ConcGCThreads                            = 3                                         {product} {ergonomic}
     uint G1ConcRefinementThreads                  = 10                                        {product} {ergonomic}
   size_t G1HeapRegionSize                         = 2097152                                   {product} {ergonomic}
    uintx GCDrainStackTargetSize                   = 64                                        {product} {ergonomic}
   size_t InitialHeapSize                          = 266338304                                 {product} {ergonomic}
   size_t MarkStackSize                            = 4194304                                   {product} {ergonomic}
   size_t MaxHeapSize                              = 4261412864                                {product} {ergonomic}
   size_t MinHeapDeltaBytes                        = 2097152                                   {product} {ergonomic}
   size_t MinHeapSize                              = 8388608                                   {product} {ergonomic}
    uintx NonNMethodCodeHeapSize                   = 5839372                                {pd product} {ergonomic}
    uintx NonProfiledCodeHeapSize                  = 122909434                              {pd product} {ergonomic}
    uintx ProfiledCodeHeapSize                     = 122909434                              {pd product} {ergonomic}
    uintx ReservedCodeCacheSize                    = 251658240                              {pd product} {ergonomic}
     bool SegmentedCodeCache                       = true                                      {product} {ergonomic}
   size_t SoftMaxHeapSize                          = 4261412864                             {manageable} {ergonomic}
     bool UseCompressedOops                        = true                           {product lp64_product} {ergonomic}
     bool UseG1GC                                  = true                                      {product} {ergonomic}
     bool UseLargePagesIndividualAllocation        = false                                  {pd product} {ergonomic}

Logging:
Log output configuration:
 #0: stdout all=warning uptime,level,tags foldmultilines=false
 #1: stderr all=off uptime,level,tags foldmultilines=false

Release file:
<release file has not been read>
Environment Variables:
PATH=C:\Program Files (x86)\Common Files\Oracle\Java\java8path;C:\Program Files (x86)\Common Files\Oracle\Java\javapath;C:\Python314\Scripts\;C:\Python314\;C:\WINDOWS\system32;C:\WINDOWS;C:\WINDOWS\System32\Wbem;C:\WINDOWS\System32\WindowsPowerShell\v1.0\;C:\WINDOWS\System32\OpenSSH\;C:\Program Files\NVIDIA Corporation\NVIDIA app\NvDLISR;C:\Program Files (x86)\NVIDIA Corporation\PhysX\Common;C:\Program Files\dotnet\;C:\WINDOWS\system32;C:\WINDOWS;C:\WINDOWS\System32\Wbem;C:\WINDOWS\System32\WindowsPowerShell\v1.0\;C:\WINDOWS\System32\OpenSSH\;C:\Program Files\Cloudflare\Cloudflare WARP\;C:\Program Files\Git\cmd;C:\Program Files\nodejs\;C:\ProgramData\chocolatey\bin;C:\Windows\System32;C:\Windows;C:\Windows\System32\Wbem;;C:\Users\nader\.local\bin;C:\Users\nader\AppData\Local\Programs\Devin\bin;C:\Users\nader\AppData\Local\Programs\Microsoft VS Code\bin
USERNAME=nader
OS=Windows_NT
PROCESSOR_IDENTIFIER=Intel64 Family 6 Model 158 Stepping 10, GenuineIntel
TMP=C:\Users\nader\AppData\Local\Temp
TEMP=C:\Users\nader\AppData\Local\Temp




Periodic native trim disabled

JNI global refs:
JNI global refs: 0, weak refs: 0

JNI global refs memory usage: 0, weak refs: 0

Process memory usage:
Resident Set Size: 13064K (0% of 16645620K total physical memory with 4028092K free physical memory)

OOME stack traces (most recent first):
Classloader memory used:

---------------  S Y S T E M  ---------------

OS:
 Windows 11 , 64 bit Build 26100 (10.0.26100.8328)
OS uptime: 0 days 1:05 hours
Hyper-V role detected

CPU: total 12 (initial active 12) (6 cores per cpu, 2 threads per core) family 6 model 158 stepping 10 microcode 0xde, cx8, cmov, fxsr, ht, mmx, 3dnowpref, sse, sse2, sse3, ssse3, sse4.1, sse4.2, popcnt, lzcnt, tsc, tscinvbit, avx, avx2, aes, erms, clmul, bmi1, bmi2, adx, fma, vzeroupper, clflush, clflushopt, hv, rdtscp, f16c
Processor Information for the first 12 processors :
  Max Mhz: 2208, Current Mhz: 2208, Mhz Limit: 2208

Memory: 4k page, system-wide physical 16255M (3933M free)
TotalPageFile size 24447M (AvailPageFile size 159M)
current process WorkingSet (physical memory assigned to process): 12M, peak: 12M
current process commit charge ("private bytes"): 64M, peak: 318M

vm_info: OpenJDK 64-Bit Server VM (21.0.10+-14961533-b1163.108) for windows-amd64 JRE (21.0.10+-14961533-b1163.108), built on 2026-03-02T19:58:50Z by "builder" with MS VC++ 16.10 / 16.11 (VS2019)

END.
